This file contains any messages produced by compilers while
running configure, to aid debugging if configure makes a mistake.

It was created by tines configure 1.12.0, which was
generated by GNU Autoconf 2.69.  Invocation command line was

  $ ./configure 

## --------- ##
## Platform. ##
## --------- ##

hostname = sephiroth
uname -m = x86_64
uname -r = 4.8.17-hardened-r2
uname -s = Linux
uname -v = #1 SMP Wed Jan 10 17:00:42 CET 2018

/usr/bin/uname -p = QEMU Virtual CPU version (cpu64-rhel6)
/bin/uname -X     = unknown

/bin/arch              = unknown
/usr/bin/arch -k       = unknown
/usr/convex/getsysinfo = unknown
/usr/bin/hostinfo      = unknown
/bin/machine           = unknown
/usr/bin/oslevel       = unknown
/bin/universe          = unknown

PATH: /usr/x86_64-pc-linux-gnu/gcc-bin/5.4.0
PATH: /usr/lib/llvm/4/bin
PATH: /usr/local/bin
PATH: /usr/bin
PATH: /bin
PATH: /opt/bin
PATH: /usr/games/bin


## ----------- ##
## Core tests. ##
## ----------- ##

configure:2452: checking for a BSD-compatible install
configure:2520: result: /usr/bin/install -c
configure:2531: checking whether build environment is sane
configure:2586: result: yes
configure:2737: checking for a thread-safe mkdir -p
configure:2776: result: /bin/mkdir -p
configure:2783: checking for gawk
configure:2799: found /usr/bin/gawk
configure:2810: result: gawk
configure:2821: checking whether make sets $(MAKE)
configure:2843: result: yes
configure:2872: checking whether make supports nested variables
configure:2889: result: yes
configure:3044: checking build system type
configure:3058: result: x86_64-pc-linux-gnu
configure:3078: checking host system type
configure:3091: result: x86_64-pc-linux-gnu
configure:3132: checking how to print strings
configure:3159: result: printf
configure:3192: checking for style of include used by make
configure:3220: result: GNU
configure:3291: checking for gcc
configure:3307: found /usr/x86_64-pc-linux-gnu/gcc-bin/5.4.0/gcc
configure:3318: result: gcc
configure:3547: checking for C compiler version
configure:3556: gcc --version >&5
gcc (Gentoo Hardened 5.4.0-r3 p1.4, pie-0.6.5) 5.4.0
Copyright (C) 2015 Free Software Foundation, Inc.
This is free software; see the source for copying conditions.  There is NO
warranty; not even for MERCHANTABILITY or FITNESS FOR A PARTICULAR PURPOSE.

configure:3567: $? = 0
configure:3556: gcc -v >&5
Using built-in specs.
Reading specs from /usr/lib/gcc/x86_64-pc-linux-gnu/5.4.0/vanilla.specs
Reading specs from /usr/lib/gcc/x86_64-pc-linux-gnu/5.4.0/hardenednossp.specs
Reading specs from /usr/lib/gcc/x86_64-pc-linux-gnu/5.4.0/hardenednopie.specs
COLLECT_GCC=gcc
COLLECT_LTO_WRAPPER=/usr/libexec/gcc/x86_64-pc-linux-gnu/5.4.0/lto-wrapper
Target: x86_64-pc-linux-gnu
Configured with: /var/tmp/portage/sys-devel/gcc-5.4.0-r3/work/gcc-5.4.0/configure --host=x86_64-pc-linux-gnu --build=x86_64-pc-linux-gnu --prefix=/usr --bindir=/usr/x86_64-pc-linux-gnu/gcc-bin/5.4.0 --includedir=/usr/lib/gcc/x86_64-pc-linux-gnu/5.4.0/include --datadir=/usr/share/gcc-data/x86_64-pc-linux-gnu/5.4.0 --mandir=/usr/share/gcc-data/x86_64-pc-linux-gnu/5.4.0/man --infodir=/usr/share/gcc-data/x86_64-pc-linux-gnu/5.4.0/info --with-gxx-include-dir=/usr/lib/gcc/x86_64-pc-linux-gnu/5.4.0/include/g++-v5 --with-python-dir=/share/gcc-data/x86_64-pc-linux-gnu/5.4.0/python --enable-languages=c,c++,fortran --enable-obsolete --enable-secureplt --disable-werror --with-system-zlib --enable-nls --without-included-gettext --enable-checking=release --with-bugurl=https://bugs.gentoo.org/ --with-pkgversion='Gentoo Hardened 5.4.0-r3 p1.4, pie-0.6.5' --enable-esp --enable-libstdcxx-time --enable-shared --enable-threads=posix --enable-__cxa_atexit --enable-clocale=gnu --enable-multilib --with-multilib-list=m32,m64 --disable-altivec --disable-fixed-point --enable-targets=all --disable-libgcj --enable-libgomp --disable-libmudflap --disable-libssp --disable-libcilkrts --disable-libmpx --enable-vtable-verify --enable-libvtv --enable-lto --without-isl --disable-libsanitizer
Thread model: posix
gcc version 5.4.0 (Gentoo Hardened 5.4.0-r3 p1.4, pie-0.6.5) 
... rest of stderr output deleted ...
configure:3567: $? = 0
configure:3556: gcc -V >&5
gcc: error: unrecognized command line option '-V'
gcc: fatal error: no input files
compilation terminated.
configure:3567: $? = 1
configure:3556: gcc -qversion >&5
gcc: error: unrecognized command line option '-qversion'
gcc: fatal error: no input files
compilation terminated.
configure:3567: $? = 1
configure:3587: checking whether the C compiler works
configure:3609: gcc    conftest.c  >&5
configure:3613: $? = 0
configure:3661: result: yes
configure:3664: checking for C compiler default output file name
configure:3666: result: a.out
configure:3672: checking for suffix of executables
configure:3679: gcc -o conftest    conftest.c  >&5
configure:3683: $? = 0
configure:3705: result: 
configure:3727: checking whether we are cross compiling
configure:3735: gcc -o conftest    conftest.c  >&5
configure:3739: $? = 0
configure:3746: ./conftest
configure:3750: $? = 0
configure:3765: result: no
configure:3770: checking for suffix of object files
configure:3792: gcc -c   conftest.c >&5
configure:3796: $? = 0
configure:3817: result: o
configure:3821: checking whether we are using the GNU C compiler
configure:3840: gcc -c   conftest.c >&5
configure:3840: $? = 0
configure:3849: result: yes
configure:3858: checking whether gcc accepts -g
configure:3878: gcc -c -g  conftest.c >&5
configure:3878: $? = 0
configure:3919: result: yes
configure:3936: checking for gcc option to accept ISO C89
configure:3999: gcc  -c -g -O2  conftest.c >&5
configure:3999: $? = 0
configure:4012: result: none needed
configure:4037: checking whether gcc understands -c and -o together
configure:4059: gcc -c conftest.c -o conftest2.o
configure:4062: $? = 0
configure:4059: gcc -c conftest.c -o conftest2.o
configure:4062: $? = 0
configure:4074: result: yes
configure:4093: checking dependency style of gcc
configure:4204: result: gcc3
configure:4219: checking for a sed that does not truncate output
configure:4283: result: /bin/sed
configure:4301: checking for grep that handles long lines and -e
configure:4359: result: /bin/grep
configure:4364: checking for egrep
configure:4426: result: /bin/grep -E
configure:4431: checking for fgrep
configure:4493: result: /bin/grep -F
configure:4528: checking for ld used by gcc
configure:4595: result: /usr/x86_64-pc-linux-gnu/bin/ld
configure:4602: checking if the linker (/usr/x86_64-pc-linux-gnu/bin/ld) is GNU ld
configure:4617: result: yes
configure:4629: checking for BSD- or MS-compatible name lister (nm)
configure:4683: result: /usr/bin/nm -B
configure:4813: checking the name lister (/usr/bin/nm -B) interface
configure:4820: gcc -c -g -O2  conftest.c >&5
configure:4823: /usr/bin/nm -B "conftest.o"
configure:4826: output
0000000000000000 B some_variable
configure:4833: result: BSD nm
configure:4836: checking whether ln -s works
configure:4840: result: yes
configure:4848: checking the maximum length of command line arguments
configure:4979: result: 1572864
configure:5027: checking how to convert x86_64-pc-linux-gnu file names to x86_64-pc-linux-gnu format
configure:5067: result: func_convert_file_noop
configure:5074: checking how to convert x86_64-pc-linux-gnu file names to toolchain format
configure:5094: result: func_convert_file_noop
configure:5101: checking for /usr/x86_64-pc-linux-gnu/bin/ld option to reload object files
configure:5108: result: -r
configure:5182: checking for objdump
configure:5198: found /usr/bin/objdump
configure:5209: result: objdump
configure:5241: checking how to recognize dependent libraries
configure:5441: result: pass_all
configure:5526: checking for dlltool
configure:5556: result: no
configure:5586: checking how to associate runtime and link libraries
configure:5613: result: printf %s\n
configure:5674: checking for ar
configure:5690: found /usr/bin/ar
configure:5701: result: ar
configure:5738: checking for archiver @FILE support
configure:5755: gcc -c -g -O2  conftest.c >&5
configure:5755: $? = 0
configure:5758: ar cru libconftest.a @conftest.lst >&5
configure:5761: $? = 0
configure:5766: ar cru libconftest.a @conftest.lst >&5
ar: conftest.o: No such file or directory
configure:5769: $? = 1
configure:5781: result: @
configure:5839: checking for strip
configure:5855: found /usr/bin/strip
configure:5866: result: strip
configure:5938: checking for ranlib
configure:5954: found /usr/bin/ranlib
configure:5965: result: ranlib
configure:6067: checking command to parse /usr/bin/nm -B output from gcc object
configure:6220: gcc -c -g -O2  conftest.c >&5
configure:6223: $? = 0
configure:6227: /usr/bin/nm -B conftest.o \| sed -n -e 's/^.*[ ]\([ABCDGIRSTW][ABCDGIRSTW]*\)[ ][ ]*\([_A-Za-z][_A-Za-z0-9]*\)$/\1 \2 \2/p' | sed '/ __gnu_lto/d' \> conftest.nm
configure:6230: $? = 0
configure:6296: gcc -o conftest -g -O2   conftest.c conftstm.o >&5
configure:6299: $? = 0
configure:6337: result: ok
configure:6384: checking for sysroot
configure:6414: result: no
configure:6421: checking for a working dd
configure:6459: result: /bin/dd
configure:6463: checking how to truncate binary pipes
configure:6478: result: /bin/dd bs=4096 count=1
configure:6614: gcc -c -g -O2  conftest.c >&5
configure:6617: $? = 0
configure:6807: checking for mt
configure:6837: result: no
configure:6857: checking if : is a manifest tool
configure:6863: : '-?'
configure:6871: result: no
configure:7548: checking how to run the C preprocessor
configure:7579: gcc -E  conftest.c
configure:7579: $? = 0
configure:7593: gcc -E  conftest.c
conftest.c:11:28: fatal error: ac_nonexistent.h: No such file or directory
compilation terminated.
configure:7593: $? = 1
configure: failed program was:
| /* confdefs.h */
| #define PACKAGE_NAME "tines"
| #define PACKAGE_TARNAME "tines"
| #define PACKAGE_VERSION "1.12.0"
| #define PACKAGE_STRING "tines 1.12.0"
| #define PACKAGE_BUGREPORT "bugs@bunny.com"
| #define PACKAGE_URL ""
| #define PACKAGE "tines"
| #define VERSION "1.12.0"
| /* end confdefs.h.  */
| #include <ac_nonexistent.h>
configure:7618: result: gcc -E
configure:7638: gcc -E  conftest.c
configure:7638: $? = 0
configure:7652: gcc -E  conftest.c
conftest.c:11:28: fatal error: ac_nonexistent.h: No such file or directory
compilation terminated.
configure:7652: $? = 1
configure: failed program was:
| /* confdefs.h */
| #define PACKAGE_NAME "tines"
| #define PACKAGE_TARNAME "tines"
| #define PACKAGE_VERSION "1.12.0"
| #define PACKAGE_STRING "tines 1.12.0"
| #define PACKAGE_BUGREPORT "bugs@bunny.com"
| #define PACKAGE_URL ""
| #define PACKAGE "tines"
| #define VERSION "1.12.0"
| /* end confdefs.h.  */
| #include <ac_nonexistent.h>
configure:7681: checking for ANSI C header files
configure:7701: gcc -c -g -O2  conftest.c >&5
configure:7701: $? = 0
configure:7774: gcc -o conftest -g -O2   conftest.c  >&5
configure:7774: $? = 0
configure:7774: ./conftest
configure:7774: $? = 0
configure:7785: result: yes
configure:7798: checking for sys/types.h
configure:7798: gcc -c -g -O2  conftest.c >&5
configure:7798: $? = 0
configure:7798: result: yes
configure:7798: checking for sys/stat.h
configure:7798: gcc -c -g -O2  conftest.c >&5
configure:7798: $? = 0
configure:7798: result: yes
configure:7798: checking for stdlib.h
configure:7798: gcc -c -g -O2  conftest.c >&5
configure:7798: $? = 0
configure:7798: result: yes
configure:7798: checking for string.h
configure:7798: gcc -c -g -O2  conftest.c >&5
configure:7798: $? = 0
configure:7798: result: yes
configure:7798: checking for memory.h
configure:7798: gcc -c -g -O2  conftest.c >&5
configure:7798: $? = 0
configure:7798: result: yes
configure:7798: checking for strings.h
configure:7798: gcc -c -g -O2  conftest.c >&5
configure:7798: $? = 0
configure:7798: result: yes
configure:7798: checking for inttypes.h
configure:7798: gcc -c -g -O2  conftest.c >&5
configure:7798: $? = 0
configure:7798: result: yes
configure:7798: checking for stdint.h
configure:7798: gcc -c -g -O2  conftest.c >&5
configure:7798: $? = 0
configure:7798: result: yes
configure:7798: checking for unistd.h
configure:7798: gcc -c -g -O2  conftest.c >&5
configure:7798: $? = 0
configure:7798: result: yes
configure:7812: checking for dlfcn.h
configure:7812: gcc -c -g -O2  conftest.c >&5
configure:7812: $? = 0
configure:7812: result: yes
configure:8068: checking for objdir
configure:8083: result: .libs
configure:8347: checking if gcc supports -fno-rtti -fno-exceptions
configure:8365: gcc -c -g -O2  -fno-rtti -fno-exceptions conftest.c >&5
cc1: warning: command line option '-fno-rtti' is valid for C++/ObjC++ but not for C
configure:8369: $? = 0
configure:8382: result: no
configure:8740: checking for gcc option to produce PIC
configure:8747: result: -fPIC -DPIC
configure:8755: checking if gcc PIC flag -fPIC -DPIC works
configure:8773: gcc -c -g -O2  -fPIC -DPIC -DPIC conftest.c >&5
configure:8777: $? = 0
configure:8790: result: yes
configure:8819: checking if gcc static flag -static works
configure:8847: result: yes
configure:8862: checking if gcc supports -c -o file.o
configure:8883: gcc -c -g -O2  -o out/conftest2.o conftest.c >&5
configure:8887: $? = 0
configure:8909: result: yes
configure:8917: checking if gcc supports -c -o file.o
configure:8964: result: yes
configure:8997: checking whether the gcc linker (/usr/x86_64-pc-linux-gnu/bin/ld -m elf_x86_64) supports shared libraries
configure:10256: result: yes
configure:10293: checking whether -lc should be explicitly linked in
configure:10301: gcc -c -g -O2  conftest.c >&5
configure:10304: $? = 0
configure:10319: gcc -shared  -fPIC -DPIC conftest.o  -v -Wl,-soname -Wl,conftest -o conftest 2\>\&1 \| /bin/grep  -lc  \>/dev/null 2\>\&1
configure:10322: $? = 0
configure:10336: result: no
configure:10496: checking dynamic linker characteristics
configure:11090: gcc -o conftest -g -O2   -Wl,-rpath -Wl,/foo conftest.c  >&5
configure:11090: $? = 0
configure:11327: result: GNU/Linux ld.so
configure:11449: checking how to hardcode library paths into programs
configure:11474: result: immediate
configure:12022: checking whether stripping libraries is possible
configure:12027: result: yes
configure:12062: checking if libtool supports shared libraries
configure:12064: result: yes
configure:12067: checking whether to build shared libraries
configure:12092: result: yes
configure:12095: checking whether to build static libraries
configure:12099: result: yes
configure:12200: checking for g++
configure:12216: found /usr/x86_64-pc-linux-gnu/gcc-bin/5.4.0/g++
configure:12227: result: g++
configure:12254: checking for C++ compiler version
configure:12263: g++ --version >&5
g++ (Gentoo Hardened 5.4.0-r3 p1.4, pie-0.6.5) 5.4.0
Copyright (C) 2015 Free Software Foundation, Inc.
This is free software; see the source for copying conditions.  There is NO
warranty; not even for MERCHANTABILITY or FITNESS FOR A PARTICULAR PURPOSE.

configure:12274: $? = 0
configure:12263: g++ -v >&5
Using built-in specs.
Reading specs from /usr/lib/gcc/x86_64-pc-linux-gnu/5.4.0/vanilla.specs
Reading specs from /usr/lib/gcc/x86_64-pc-linux-gnu/5.4.0/hardenednossp.specs
Reading specs from /usr/lib/gcc/x86_64-pc-linux-gnu/5.4.0/hardenednopie.specs
COLLECT_GCC=g++
COLLECT_LTO_WRAPPER=/usr/libexec/gcc/x86_64-pc-linux-gnu/5.4.0/lto-wrapper
Target: x86_64-pc-linux-gnu
Configured with: /var/tmp/portage/sys-devel/gcc-5.4.0-r3/work/gcc-5.4.0/configure --host=x86_64-pc-linux-gnu --build=x86_64-pc-linux-gnu --prefix=/usr --bindir=/usr/x86_64-pc-linux-gnu/gcc-bin/5.4.0 --includedir=/usr/lib/gcc/x86_64-pc-linux-gnu/5.4.0/include --datadir=/usr/share/gcc-data/x86_64-pc-linux-gnu/5.4.0 --mandir=/usr/share/gcc-data/x86_64-pc-linux-gnu/5.4.0/man --infodir=/usr/share/gcc-data/x86_64-pc-linux-gnu/5.4.0/info --with-gxx-include-dir=/usr/lib/gcc/x86_64-pc-linux-gnu/5.4.0/include/g++-v5 --with-python-dir=/share/gcc-data/x86_64-pc-linux-gnu/5.4.0/python --enable-languages=c,c++,fortran --enable-obsolete --enable-secureplt --disable-werror --with-system-zlib --enable-nls --without-included-gettext --enable-checking=release --with-bugurl=https://bugs.gentoo.org/ --with-pkgversion='Gentoo Hardened 5.4.0-r3 p1.4, pie-0.6.5' --enable-esp --enable-libstdcxx-time --enable-shared --enable-threads=posix --enable-__cxa_atexit --enable-clocale=gnu --enable-multilib --with-multilib-list=m32,m64 --disable-altivec --disable-fixed-point --enable-targets=all --disable-libgcj --enable-libgomp --disable-libmudflap --disable-libssp --disable-libcilkrts --disable-libmpx --enable-vtable-verify --enable-libvtv --enable-lto --without-isl --disable-libsanitizer
Thread model: posix
gcc version 5.4.0 (Gentoo Hardened 5.4.0-r3 p1.4, pie-0.6.5) 
... rest of stderr output deleted ...
configure:12274: $? = 0
configure:12263: g++ -V >&5
g++: error: unrecognized command line option '-V'
g++: fatal error: no input files
compilation terminated.
configure:12274: $? = 1
configure:12263: g++ -qversion >&5
g++: error: unrecognized command line option '-qversion'
g++: fatal error: no input files
compilation terminated.
configure:12274: $? = 1
configure:12278: checking whether we are using the GNU C++ compiler
configure:12297: g++ -c   conftest.cpp >&5
configure:12297: $? = 0
configure:12306: result: yes
configure:12315: checking whether g++ accepts -g
configure:12335: g++ -c -g  conftest.cpp >&5
configure:12335: $? = 0
configure:12376: result: yes
configure:12401: checking dependency style of g++
configure:12512: result: gcc3
configure:12545: checking how to run the C++ preprocessor
configure:12572: g++ -E  conftest.cpp
configure:12572: $? = 0
configure:12586: g++ -E  conftest.cpp
conftest.cpp:23:28: fatal error: ac_nonexistent.h: No such file or directory
compilation terminated.
configure:12586: $? = 1
configure: failed program was:
| /* confdefs.h */
| #define PACKAGE_NAME "tines"
| #define PACKAGE_TARNAME "tines"
| #define PACKAGE_VERSION "1.12.0"
| #define PACKAGE_STRING "tines 1.12.0"
| #define PACKAGE_BUGREPORT "bugs@bunny.com"
| #define PACKAGE_URL ""
| #define PACKAGE "tines"
| #define VERSION "1.12.0"
| #define STDC_HEADERS 1
| #define HAVE_SYS_TYPES_H 1
| #define HAVE_SYS_STAT_H 1
| #define HAVE_STDLIB_H 1
| #define HAVE_STRING_H 1
| #define HAVE_MEMORY_H 1
| #define HAVE_STRINGS_H 1
| #define HAVE_INTTYPES_H 1
| #define HAVE_STDINT_H 1
| #define HAVE_UNISTD_H 1
| #define HAVE_DLFCN_H 1
| #define LT_OBJDIR ".libs/"
| /* end confdefs.h.  */
| #include <ac_nonexistent.h>
configure:12611: result: g++ -E
configure:12631: g++ -E  conftest.cpp
configure:12631: $? = 0
configure:12645: g++ -E  conftest.cpp
conftest.cpp:23:28: fatal error: ac_nonexistent.h: No such file or directory
compilation terminated.
configure:12645: $? = 1
configure: failed program was:
| /* confdefs.h */
| #define PACKAGE_NAME "tines"
| #define PACKAGE_TARNAME "tines"
| #define PACKAGE_VERSION "1.12.0"
| #define PACKAGE_STRING "tines 1.12.0"
| #define PACKAGE_BUGREPORT "bugs@bunny.com"
| #define PACKAGE_URL ""
| #define PACKAGE "tines"
| #define VERSION "1.12.0"
| #define STDC_HEADERS 1
| #define HAVE_SYS_TYPES_H 1
| #define HAVE_SYS_STAT_H 1
| #define HAVE_STDLIB_H 1
| #define HAVE_STRING_H 1
| #define HAVE_MEMORY_H 1
| #define HAVE_STRINGS_H 1
| #define HAVE_INTTYPES_H 1
| #define HAVE_STDINT_H 1
| #define HAVE_UNISTD_H 1
| #define HAVE_DLFCN_H 1
| #define LT_OBJDIR ".libs/"
| /* end confdefs.h.  */
| #include <ac_nonexistent.h>
configure:12807: checking for ld used by g++
configure:12874: result: /usr/x86_64-pc-linux-gnu/bin/ld -m elf_x86_64
configure:12881: checking if the linker (/usr/x86_64-pc-linux-gnu/bin/ld -m elf_x86_64) is GNU ld
configure:12896: result: yes
configure:12951: checking whether the g++ linker (/usr/x86_64-pc-linux-gnu/bin/ld -m elf_x86_64) supports shared libraries
configure:14024: result: yes
configure:14060: g++ -c -g -O2  conftest.cpp >&5
configure:14063: $? = 0
configure:14544: checking for g++ option to produce PIC
configure:14551: result: -fPIC -DPIC
configure:14559: checking if g++ PIC flag -fPIC -DPIC works
configure:14577: g++ -c -g -O2  -fPIC -DPIC -DPIC conftest.cpp >&5
configure:14581: $? = 0
configure:14594: result: yes
configure:14617: checking if g++ static flag -static works
configure:14645: result: yes
configure:14657: checking if g++ supports -c -o file.o
configure:14678: g++ -c -g -O2  -o out/conftest2.o conftest.cpp >&5
configure:14682: $? = 0
configure:14704: result: yes
configure:14709: checking if g++ supports -c -o file.o
configure:14756: result: yes
configure:14786: checking whether the g++ linker (/usr/x86_64-pc-linux-gnu/bin/ld -m elf_x86_64) supports shared libraries
configure:14826: result: yes
configure:14967: checking dynamic linker characteristics
configure:15725: result: GNU/Linux ld.so
configure:15790: checking how to hardcode library paths into programs
configure:15815: result: immediate
configure:15859: checking for gawk
configure:15886: result: gawk
configure:15945: checking for gcc
configure:15972: result: gcc
configure:16201: checking for C compiler version
configure:16210: gcc --version >&5
gcc (Gentoo Hardened 5.4.0-r3 p1.4, pie-0.6.5) 5.4.0
Copyright (C) 2015 Free Software Foundation, Inc.
This is free software; see the source for copying conditions.  There is NO
warranty; not even for MERCHANTABILITY or FITNESS FOR A PARTICULAR PURPOSE.

configure:16221: $? = 0
configure:16210: gcc -v >&5
Using built-in specs.
Reading specs from /usr/lib/gcc/x86_64-pc-linux-gnu/5.4.0/vanilla.specs
Reading specs from /usr/lib/gcc/x86_64-pc-linux-gnu/5.4.0/hardenednossp.specs
Reading specs from /usr/lib/gcc/x86_64-pc-linux-gnu/5.4.0/hardenednopie.specs
COLLECT_GCC=gcc
COLLECT_LTO_WRAPPER=/usr/libexec/gcc/x86_64-pc-linux-gnu/5.4.0/lto-wrapper
Target: x86_64-pc-linux-gnu
Configured with: /var/tmp/portage/sys-devel/gcc-5.4.0-r3/work/gcc-5.4.0/configure --host=x86_64-pc-linux-gnu --build=x86_64-pc-linux-gnu --prefix=/usr --bindir=/usr/x86_64-pc-linux-gnu/gcc-bin/5.4.0 --includedir=/usr/lib/gcc/x86_64-pc-linux-gnu/5.4.0/include --datadir=/usr/share/gcc-data/x86_64-pc-linux-gnu/5.4.0 --mandir=/usr/share/gcc-data/x86_64-pc-linux-gnu/5.4.0/man --infodir=/usr/share/gcc-data/x86_64-pc-linux-gnu/5.4.0/info --with-gxx-include-dir=/usr/lib/gcc/x86_64-pc-linux-gnu/5.4.0/include/g++-v5 --with-python-dir=/share/gcc-data/x86_64-pc-linux-gnu/5.4.0/python --enable-languages=c,c++,fortran --enable-obsolete --enable-secureplt --disable-werror --with-system-zlib --enable-nls --without-included-gettext --enable-checking=release --with-bugurl=https://bugs.gentoo.org/ --with-pkgversion='Gentoo Hardened 5.4.0-r3 p1.4, pie-0.6.5' --enable-esp --enable-libstdcxx-time --enable-shared --enable-threads=posix --enable-__cxa_atexit --enable-clocale=gnu --enable-multilib --with-multilib-list=m32,m64 --disable-altivec --disable-fixed-point --enable-targets=all --disable-libgcj --enable-libgomp --disable-libmudflap --disable-libssp --disable-libcilkrts --disable-libmpx --enable-vtable-verify --enable-libvtv --enable-lto --without-isl --disable-libsanitizer
Thread model: posix
gcc version 5.4.0 (Gentoo Hardened 5.4.0-r3 p1.4, pie-0.6.5) 
... rest of stderr output deleted ...
configure:16221: $? = 0
configure:16210: gcc -V >&5
gcc: error: unrecognized command line option '-V'
gcc: fatal error: no input files
compilation terminated.
configure:16221: $? = 1
configure:16210: gcc -qversion >&5
gcc: error: unrecognized command line option '-qversion'
gcc: fatal error: no input files
compilation terminated.
configure:16221: $? = 1
configure:16225: checking whether we are using the GNU C compiler
configure:16253: result: yes
configure:16262: checking whether gcc accepts -g
configure:16323: result: yes
configure:16340: checking for gcc option to accept ISO C89
configure:16416: result: none needed
configure:16441: checking whether gcc understands -c and -o together
configure:16478: result: yes
configure:16497: checking dependency style of gcc
configure:16608: result: gcc3
configure:16628: checking how to run the C preprocessor
configure:16698: result: gcc -E
configure:16718: gcc -E  conftest.c
configure:16718: $? = 0
configure:16732: gcc -E  conftest.c
conftest.c:23:28: fatal error: ac_nonexistent.h: No such file or directory
compilation terminated.
configure:16732: $? = 1
configure: failed program was:
| /* confdefs.h */
| #define PACKAGE_NAME "tines"
| #define PACKAGE_TARNAME "tines"
| #define PACKAGE_VERSION "1.12.0"
| #define PACKAGE_STRING "tines 1.12.0"
| #define PACKAGE_BUGREPORT "bugs@bunny.com"
| #define PACKAGE_URL ""
| #define PACKAGE "tines"
| #define VERSION "1.12.0"
| #define STDC_HEADERS 1
| #define HAVE_SYS_TYPES_H 1
| #define HAVE_SYS_STAT_H 1
| #define HAVE_STDLIB_H 1
| #define HAVE_STRING_H 1
| #define HAVE_MEMORY_H 1
| #define HAVE_STRINGS_H 1
| #define HAVE_INTTYPES_H 1
| #define HAVE_STDINT_H 1
| #define HAVE_UNISTD_H 1
| #define HAVE_DLFCN_H 1
| #define LT_OBJDIR ".libs/"
| /* end confdefs.h.  */
| #include <ac_nonexistent.h>
configure:16761: checking whether ln -s works
configure:16765: result: yes
configure:16772: checking whether make sets $(MAKE)
configure:16794: result: yes
configure:16806: checking for main in -lncurses
configure:16825: gcc -o conftest -g -O2   conftest.c -lncurses   >&5
configure:16825: $? = 0
configure:16834: result: yes
configure:16851: checking fcntl.h usability
configure:16851: gcc -c -g -O2  conftest.c >&5
configure:16851: $? = 0
configure:16851: result: yes
configure:16851: checking fcntl.h presence
configure:16851: gcc -E  conftest.c
configure:16851: $? = 0
configure:16851: result: yes
configure:16851: checking for fcntl.h
configure:16851: result: yes
configure:16851: checking locale.h usability
configure:16851: gcc -c -g -O2  conftest.c >&5
configure:16851: $? = 0
configure:16851: result: yes
configure:16851: checking locale.h presence
configure:16851: gcc -E  conftest.c
configure:16851: $? = 0
configure:16851: result: yes
configure:16851: checking for locale.h
configure:16851: result: yes
configure:16851: checking for stdlib.h
configure:16851: result: yes
configure:16851: checking for string.h
configure:16851: result: yes
configure:16851: checking sys/param.h usability
configure:16851: gcc -c -g -O2  conftest.c >&5
configure:16851: $? = 0
configure:16851: result: yes
configure:16851: checking sys/param.h presence
configure:16851: gcc -E  conftest.c
configure:16851: $? = 0
configure:16851: result: yes
configure:16851: checking for sys/param.h
configure:16851: result: yes
configure:16851: checking for unistd.h
configure:16851: result: yes
configure:16863: checking for ssize_t
configure:16863: gcc -c -g -O2  conftest.c >&5
configure:16863: $? = 0
configure:16863: gcc -c -g -O2  conftest.c >&5
conftest.c: In function 'main':
conftest.c:66:22: error: expected expression before ')' token
 if (sizeof ((ssize_t)))
                      ^
configure:16863: $? = 1
configure: failed program was:
| /* confdefs.h */
| #define PACKAGE_NAME "tines"
| #define PACKAGE_TARNAME "tines"
| #define PACKAGE_VERSION "1.12.0"
| #define PACKAGE_STRING "tines 1.12.0"
| #define PACKAGE_BUGREPORT "bugs@bunny.com"
| #define PACKAGE_URL ""
| #define PACKAGE "tines"
| #define VERSION "1.12.0"
| #define STDC_HEADERS 1
| #define HAVE_SYS_TYPES_H 1
| #define HAVE_SYS_STAT_H 1
| #define HAVE_STDLIB_H 1
| #define HAVE_STRING_H 1
| #define HAVE_MEMORY_H 1
| #define HAVE_STRINGS_H 1
| #define HAVE_INTTYPES_H 1
| #define HAVE_STDINT_H 1
| #define HAVE_UNISTD_H 1
| #define HAVE_DLFCN_H 1
| #define LT_OBJDIR ".libs/"
| #define HAVE_LIBNCURSES 1
| #define HAVE_FCNTL_H 1
| #define HAVE_LOCALE_H 1
| #define HAVE_STDLIB_H 1
| #define HAVE_STRING_H 1
| #define HAVE_SYS_PARAM_H 1
| #define HAVE_UNISTD_H 1
| /* end confdefs.h.  */
| #include <stdio.h>
| #ifdef HAVE_SYS_TYPES_H
| # include <sys/types.h>
| #endif
| #ifdef HAVE_SYS_STAT_H
| # include <sys/stat.h>
| #endif
| #ifdef STDC_HEADERS
| # include <stdlib.h>
| # include <stddef.h>
| #else
| # ifdef HAVE_STDLIB_H
| #  include <stdlib.h>
| # endif
| #endif
| #ifdef HAVE_STRING_H
| # if !defined STDC_HEADERS && defined HAVE_MEMORY_H
| #  include <memory.h>
| # endif
| # include <string.h>
| #endif
| #ifdef HAVE_STRINGS_H
| # include <strings.h>
| #endif
| #ifdef HAVE_INTTYPES_H
| # include <inttypes.h>
| #endif
| #ifdef HAVE_STDINT_H
| # include <stdint.h>
| #endif
| #ifdef HAVE_UNISTD_H
| # include <unistd.h>
| #endif
| int
| main ()
| {
| if (sizeof ((ssize_t)))
| 	    return 0;
|   ;
|   return 0;
| }
configure:16863: result: yes
configure:16878: checking for stdlib.h
configure:16878: result: yes
configure:16888: checking for GNU libc compatible malloc
configure:16912: gcc -o conftest -g -O2   conftest.c -lncurses  >&5
configure:16912: $? = 0
configure:16912: ./conftest
configure:16912: $? = 0
configure:16922: result: yes
configure:16943: checking whether time.h and sys/time.h may both be included
configure:16963: gcc -c -g -O2  conftest.c >&5
configure:16963: $? = 0
configure:16970: result: yes
configure:16984: checking for sys/time.h
configure:16984: gcc -c -g -O2  conftest.c >&5
configure:16984: $? = 0
configure:16984: result: yes
configure:16984: checking for unistd.h
configure:16984: result: yes
configure:17005: checking for alarm
configure:17005: gcc -o conftest -g -O2   conftest.c -lncurses  >&5
configure:17005: $? = 0
configure:17005: result: yes
configure:17018: checking for working mktime
configure:17220: gcc -o conftest -g -O2   conftest.c -lncurses  >&5
configure:17220: $? = 0
configure:17220: ./conftest
configure:17220: $? = 0
configure:17230: result: yes
configure:17244: checking for memmove
configure:17244: gcc -o conftest -g -O2   conftest.c -lncurses  >&5
conftest.c:59:6: warning: conflicting types for built-in function 'memmove'
 char memmove ();
      ^
configure:17244: $? = 0
configure:17244: result: yes
configure:17244: checking for memset
configure:17244: gcc -o conftest -g -O2   conftest.c -lncurses  >&5
conftest.c:60:6: warning: conflicting types for built-in function 'memset'
 char memset ();
      ^
configure:17244: $? = 0
configure:17244: result: yes
configure:17244: checking for setlocale
configure:17244: gcc -o conftest -g -O2   conftest.c -lncurses  >&5
configure:17244: $? = 0
configure:17244: result: yes
configure:17244: checking for strchr
configure:17244: gcc -o conftest -g -O2   conftest.c -lncurses  >&5
conftest.c:62:6: warning: conflicting types for built-in function 'strchr'
 char strchr ();
      ^
configure:17244: $? = 0
configure:17244: result: yes
configure:17244: checking for strdup
configure:17244: gcc -o conftest -g -O2   conftest.c -lncurses  >&5
conftest.c:63:6: warning: conflicting types for built-in function 'strdup'
 char strdup ();
      ^
configure:17244: $? = 0
configure:17244: result: yes
configure:17244: checking for strncasecmp
configure:17244: gcc -o conftest -g -O2   conftest.c -lncurses  >&5
conftest.c:64:6: warning: conflicting types for built-in function 'strncasecmp'
 char strncasecmp ();
      ^
configure:17244: $? = 0
configure:17244: result: yes
configure:17244: checking for strstr
configure:17244: gcc -o conftest -g -O2   conftest.c -lncurses  >&5
conftest.c:65:6: warning: conflicting types for built-in function 'strstr'
 char strstr ();
      ^
configure:17244: $? = 0
configure:17244: result: yes
configure:17244: checking for strtol
configure:17244: gcc -o conftest -g -O2   conftest.c -lncurses  >&5
configure:17244: $? = 0
configure:17244: result: yes
configure:17365: checking that generated files are newer than configure
configure:17371: result: done
configure:17402: creating ./config.status

## ---------------------- ##
## Running config.status. ##
## ---------------------- ##

This file was extended by tines config.status 1.12.0, which was
generated by GNU Autoconf 2.69.  Invocation command line was

  CONFIG_FILES    = 
  CONFIG_HEADERS  = 
  CONFIG_LINKS    = 
  CONFIG_COMMANDS = 
  $ ./config.status 

on sephiroth

config.status:1171: creating Makefile
config.status:1171: creating include/Makefile
config.status:1171: creating libcli/Makefile
config.status:1171: creating src/Makefile
config.status:1171: creating util/Makefile
config.status:1171: creating config.h
config.status:1352: config.h is unchanged
config.status:1400: executing depfiles commands
config.status:1400: executing libtool commands

## ---------------- ##
## Cache variables. ##
## ---------------- ##

ac_cv_build=x86_64-pc-linux-gnu
ac_cv_c_compiler_gnu=yes
ac_cv_cxx_compiler_gnu=yes
ac_cv_env_CCC_set=
ac_cv_env_CCC_value=
ac_cv_env_CC_set=
ac_cv_env_CC_value=
ac_cv_env_CFLAGS_set=
ac_cv_env_CFLAGS_value=
ac_cv_env_CPPFLAGS_set=
ac_cv_env_CPPFLAGS_value=
ac_cv_env_CPP_set=
ac_cv_env_CPP_value=
ac_cv_env_CXXCPP_set=
ac_cv_env_CXXCPP_value=
ac_cv_env_CXXFLAGS_set=
ac_cv_env_CXXFLAGS_value=
ac_cv_env_CXX_set=
ac_cv_env_CXX_value=
ac_cv_env_LDFLAGS_set=
ac_cv_env_LDFLAGS_value=
ac_cv_env_LIBS_set=
ac_cv_env_LIBS_value=
ac_cv_env_LT_SYS_LIBRARY_PATH_set=
ac_cv_env_LT_SYS_LIBRARY_PATH_value=
ac_cv_env_build_alias_set=
ac_cv_env_build_alias_value=
ac_cv_env_host_alias_set=
ac_cv_env_host_alias_value=
ac_cv_env_target_alias_set=
ac_cv_env_target_alias_value=
ac_cv_func_alarm=yes
ac_cv_func_malloc_0_nonnull=yes
ac_cv_func_memmove=yes
ac_cv_func_memset=yes
ac_cv_func_setlocale=yes
ac_cv_func_strchr=yes
ac_cv_func_strdup=yes
ac_cv_func_strncasecmp=yes
ac_cv_func_strstr=yes
ac_cv_func_strtol=yes
ac_cv_func_working_mktime=yes
ac_cv_header_dlfcn_h=yes
ac_cv_header_fcntl_h=yes
ac_cv_header_inttypes_h=yes
ac_cv_header_locale_h=yes
ac_cv_header_memory_h=yes
ac_cv_header_stdc=yes
ac_cv_header_stdint_h=yes
ac_cv_header_stdlib_h=yes
ac_cv_header_string_h=yes
ac_cv_header_strings_h=yes
ac_cv_header_sys_param_h=yes
ac_cv_header_sys_stat_h=yes
ac_cv_header_sys_time_h=yes
ac_cv_header_sys_types_h=yes
ac_cv_header_time=yes
ac_cv_header_unistd_h=yes
ac_cv_host=x86_64-pc-linux-gnu
ac_cv_lib_ncurses_main=yes
ac_cv_objext=o
ac_cv_path_EGREP='/bin/grep -E'
ac_cv_path_FGREP='/bin/grep -F'
ac_cv_path_GREP=/bin/grep
ac_cv_path_SED=/bin/sed
ac_cv_path_install='/usr/bin/install -c'
ac_cv_path_lt_DD=/bin/dd
ac_cv_path_mkdir=/bin/mkdir
ac_cv_prog_AWK=gawk
ac_cv_prog_CPP='gcc -E'
ac_cv_prog_CXXCPP='g++ -E'
ac_cv_prog_ac_ct_AR=ar
ac_cv_prog_ac_ct_CC=gcc
ac_cv_prog_ac_ct_CXX=g++
ac_cv_prog_ac_ct_OBJDUMP=objdump
ac_cv_prog_ac_ct_RANLIB=ranlib
ac_cv_prog_ac_ct_STRIP=strip
ac_cv_prog_cc_c89=
ac_cv_prog_cc_g=yes
ac_cv_prog_cxx_g=yes
ac_cv_prog_make_make_set=yes
ac_cv_type_ssize_t=yes
am_cv_CC_dependencies_compiler_type=gcc3
am_cv_CXX_dependencies_compiler_type=gcc3
am_cv_make_support_nested_variables=yes
am_cv_prog_cc_c_o=yes
lt_cv_ar_at_file=@
lt_cv_archive_cmds_need_lc=no
lt_cv_deplibs_check_method=pass_all
lt_cv_file_magic_cmd='$MAGIC_CMD'
lt_cv_file_magic_test_file=
lt_cv_ld_reload_flag=-r
lt_cv_nm_interface='BSD nm'
lt_cv_objdir=.libs
lt_cv_path_LD=/usr/x86_64-pc-linux-gnu/bin/ld
lt_cv_path_LDCXX='/usr/x86_64-pc-linux-gnu/bin/ld -m elf_x86_64'
lt_cv_path_NM='/usr/bin/nm -B'
lt_cv_path_mainfest_tool=no
lt_cv_prog_compiler_c_o=yes
lt_cv_prog_compiler_c_o_CXX=yes
lt_cv_prog_compiler_pic='-fPIC -DPIC'
lt_cv_prog_compiler_pic_CXX='-fPIC -DPIC'
lt_cv_prog_compiler_pic_works=yes
lt_cv_prog_compiler_pic_works_CXX=yes
lt_cv_prog_compiler_rtti_exceptions=no
lt_cv_prog_compiler_static_works=yes
lt_cv_prog_compiler_static_works_CXX=yes
lt_cv_prog_gnu_ld=yes
lt_cv_prog_gnu_ldcxx=yes
lt_cv_sharedlib_from_linklib_cmd='printf %s\n'
lt_cv_shlibpath_overrides_runpath=yes
lt_cv_sys_global_symbol_pipe='sed -n -e '\''s/^.*[	 ]\([ABCDGIRSTW][ABCDGIRSTW]*\)[	 ][	 ]*\([_A-Za-z][_A-Za-z0-9]*\)$/\1 \2 \2/p'\'' | sed '\''/ __gnu_lto/d'\'''
lt_cv_sys_global_symbol_to_c_name_address='sed -n -e '\''s/^: \(.*\) .*$/  {"\1", (void *) 0},/p'\'' -e '\''s/^[ABCDGIRSTW][ABCDGIRSTW]* .* \(.*\)$/  {"\1", (void *) \&\1},/p'\'''
lt_cv_sys_global_symbol_to_c_name_address_lib_prefix='sed -n -e '\''s/^: \(.*\) .*$/  {"\1", (void *) 0},/p'\'' -e '\''s/^[ABCDGIRSTW][ABCDGIRSTW]* .* \(lib.*\)$/  {"\1", (void *) \&\1},/p'\'' -e '\''s/^[ABCDGIRSTW][ABCDGIRSTW]* .* \(.*\)$/  {"lib\1", (void *) \&\1},/p'\'''
lt_cv_sys_global_symbol_to_cdecl='sed -n -e '\''s/^T .* \(.*\)$/extern int \1();/p'\'' -e '\''s/^[ABCDGIRSTW][ABCDGIRSTW]* .* \(.*\)$/extern char \1;/p'\'''
lt_cv_sys_global_symbol_to_import=
lt_cv_sys_max_cmd_len=1572864
lt_cv_to_host_file_cmd=func_convert_file_noop
lt_cv_to_tool_file_cmd=func_convert_file_noop
lt_cv_truncate_bin='/bin/dd bs=4096 count=1'

## ----------------- ##
## Output variables. ##
## ----------------- ##

ACLOCAL='${SHELL} /home/signal/code/tines/missing aclocal-1.15'
AMDEPBACKSLASH='\'
AMDEP_FALSE='#'
AMDEP_TRUE=''
AMTAR='$${TAR-tar}'
AM_BACKSLASH='\'
AM_DEFAULT_V='$(AM_DEFAULT_VERBOSITY)'
AM_DEFAULT_VERBOSITY='1'
AM_V='$(V)'
AR='ar'
AUTOCONF='${SHELL} /home/signal/code/tines/missing autoconf'
AUTOHEADER='${SHELL} /home/signal/code/tines/missing autoheader'
AUTOMAKE='${SHELL} /home/signal/code/tines/missing automake-1.15'
AWK='gawk'
CC='gcc'
CCDEPMODE='depmode=gcc3'
CFLAGS='-g -O2'
CPP='gcc -E'
CPPFLAGS=''
CXX='g++'
CXXCPP='g++ -E'
CXXDEPMODE='depmode=gcc3'
CXXFLAGS='-g -O2'
CYGPATH_W='echo'
DEFS='-DHAVE_CONFIG_H'
DEPDIR='.deps'
DLLTOOL='false'
DSYMUTIL=''
DUMPBIN=''
ECHO_C=''
ECHO_N='-n'
ECHO_T=''
EGREP='/bin/grep -E'
EXEEXT=''
FGREP='/bin/grep -F'
GREP='/bin/grep'
INSTALL_DATA='${INSTALL} -m 644'
INSTALL_PROGRAM='${INSTALL}'
INSTALL_SCRIPT='${INSTALL}'
INSTALL_STRIP_PROGRAM='$(install_sh) -c -s'
LD='/usr/x86_64-pc-linux-gnu/bin/ld -m elf_x86_64'
LDFLAGS=''
LIBOBJS=''
LIBS='-lncurses '
LIBTOOL='$(SHELL) $(top_builddir)/libtool'
LIPO=''
LN_S='ln -s'
LTLIBOBJS=''
LT_SYS_LIBRARY_PATH=''
MAKEINFO='${SHELL} /home/signal/code/tines/missing makeinfo'
MANIFEST_TOOL=':'
MKDIR_P='/bin/mkdir -p'
NM='/usr/bin/nm -B'
NMEDIT=''
OBJDUMP='objdump'
OBJEXT='o'
OTOOL64=''
OTOOL=''
PACKAGE='tines'
PACKAGE_BUGREPORT='bugs@bunny.com'
PACKAGE_NAME='tines'
PACKAGE_STRING='tines 1.12.0'
PACKAGE_TARNAME='tines'
PACKAGE_URL=''
PACKAGE_VERSION='1.12.0'
PATH_SEPARATOR=':'
RANLIB='ranlib'
SED='/bin/sed'
SET_MAKE=''
SHELL='/bin/sh'
STRIP='strip'
VERSION='1.12.0'
ac_ct_AR='ar'
ac_ct_CC='gcc'
ac_ct_CXX='g++'
ac_ct_DUMPBIN=''
am__EXEEXT_FALSE=''
am__EXEEXT_TRUE='#'
am__fastdepCC_FALSE='#'
am__fastdepCC_TRUE=''
am__fastdepCXX_FALSE='#'
am__fastdepCXX_TRUE=''
am__include='include'
am__isrc=''
am__leading_dot='.'
am__nodep='_no'
am__quote=''
am__tar='$${TAR-tar} chof - "$$tardir"'
am__untar='$${TAR-tar} xf -'
bindir='${exec_prefix}/bin'
build='x86_64-pc-linux-gnu'
build_alias=''
build_cpu='x86_64'
build_os='linux-gnu'
build_vendor='pc'
datadir='${datarootdir}'
datarootdir='${prefix}/share'
docdir='${datarootdir}/doc/${PACKAGE_TARNAME}'
dvidir='${docdir}'
exec_prefix='${prefix}'
host='x86_64-pc-linux-gnu'
host_alias=''
host_cpu='x86_64'
host_os='linux-gnu'
host_vendor='pc'
htmldir='${docdir}'
includedir='${prefix}/include'
infodir='${datarootdir}/info'
install_sh='${SHELL} /home/signal/code/tines/install-sh'
libdir='${exec_prefix}/lib'
libexecdir='${exec_prefix}/libexec'
localedir='${datarootdir}/locale'
localstatedir='${prefix}/var'
mandir='${datarootdir}/man'
mkdir_p='$(MKDIR_P)'
oldincludedir='/usr/include'
pdfdir='${docdir}'
prefix='/usr/local'
program_transform_name='s,x,x,'
psdir='${docdir}'
sbindir='${exec_prefix}/sbin'
sharedstatedir='${prefix}/com'
sysconfdir='${prefix}/etc'
target_alias=''

## ----------- ##
## confdefs.h. ##
## ----------- ##

/* confdefs.h */
#define PACKAGE_NAME "tines"
#define PACKAGE_TARNAME "tines"
#define PACKAGE_VERSION "1.12.0"
#define PACKAGE_STRING "tines 1.12.0"
#define PACKAGE_BUGREPORT "bugs@bunny.com"
#define PACKAGE_URL ""
#define PACKAGE "tines"
#define VERSION "1.12.0"
#define STDC_HEADERS 1
#define HAVE_SYS_TYPES_H 1
#define HAVE_SYS_STAT_H 1
#define HAVE_STDLIB_H 1
#define HAVE_STRING_H 1
#define HAVE_MEMORY_H 1
#define HAVE_STRINGS_H 1
#define HAVE_INTTYPES_H 1
#define HAVE_STDINT_H 1
#define HAVE_UNISTD_H 1
#define HAVE_DLFCN_H 1
#define LT_OBJDIR ".libs/"
#define HAVE_LIBNCURSES 1
#define HAVE_FCNTL_H 1
#define HAVE_LOCALE_H 1
#define HAVE_STDLIB_H 1
#define HAVE_STRING_H 1
#define HAVE_SYS_PARAM_H 1
#define HAVE_UNISTD_H 1
#define HAVE_STDLIB_H 1
#define HAVE_MALLOC 1
#define TIME_WITH_SYS_TIME 1
#define HAVE_SYS_TIME_H 1
#define HAVE_UNISTD_H 1
#define HAVE_ALARM 1
#define HAVE_MEMMOVE 1
#define HAVE_MEMSET 1
#define HAVE_SETLOCALE 1
#define HAVE_STRCHR 1
#define HAVE_STRDUP 1
#define HAVE_STRNCASECMP 1
#define HAVE_STRSTR 1
#define HAVE_STRTOL 1

configure: exit 0

## ---------------------- ##
## Running config.status. ##
## ---------------------- ##

This file was extended by tines config.status 1.12.0, which was
generated by GNU Autoconf 2.69.  Invocation command line was

  CONFIG_FILES    = 
  CONFIG_HEADERS  = 
  CONFIG_LINKS    = 
  CONFIG_COMMANDS = 
  $ ./config.status config.h

on sephiroth

config.status:1171: creating config.h
config.status:1352: config.h is unchanged
